Logfile initialized
[INFO] logfile = C:\Documents and Settings\amith.mk\Documents\Titanium_Studio_Workspace\whats-today\build.log
[INFO] logfile = C:\Documents and Settings\amith.mk\Documents\Titanium_Studio_Workspace\whats-today\build.log
[DEBUG] C:\Documents and Settings\amith.mk\Application Data\Titanium\mobilesdk\win32\3.1.1.GA\android\builder.py emulator Whats Today C:\Program Files\Android\android-sdk C:\Documents and Settings\amith.mk\Documents\Titanium_Studio_Workspace\whats-today com.mkamithkumar.whatstoday 25 WVGA854 armeabi-v7a
[DEBUG] C:\Documents and Settings\amith.mk\Application Data\Titanium\mobilesdk\win32\3.1.1.GA\android\builder.py simulator Whats Today C:\Program Files\Android\android-sdk C:\Documents and Settings\amith.mk\Documents\Titanium_Studio_Workspace\whats-today com.mkamithkumar.whatstoday 25 WVGA854
[INFO] Launching Android emulator...one moment
[INFO] Building Whats Today for Android ... one moment
[DEBUG] From: C:\Program Files\Android\android-sdk\tools\emulator.exe
[DEBUG] SDCard: C:\Documents and Settings\amith.mk\.titanium\android2.sdcard
[DEBUG] AVD ID: 25
[DEBUG] AVD Skin: WVGA854
[DEBUG] AVD ABI: armeabi-v7a
[DEBUG] SDK: C:\Program Files\Android\android-sdk
[INFO] Emulator is running.
[INFO] Titanium SDK version: 3.1.1 (06/15/13 16:09 f7592c1)
[DEBUG] Waiting for device to be ready ...
[TRACE] adb devices returned 1 devices/emulators
[DEBUG] Device connected... (waited 0 seconds)
[DEBUG] waited 0.016000 seconds on emulator to get ready
[DEBUG] com.mkamithkumar.whatstoday installed? False
[INFO] Fastdev server running, deploying in Fastdev mode
[INFO] Copying CommonJS modules...
[INFO] Copying project resources..
[DEBUG] LiveView not enabled
[TRACE] Generating Java Classes
[DEBUG] Processing Android resource drawables
[DEBUG] found special platform files dir = C:\Documents and Settings\amith.mk\Documents\Titanium_Studio_Workspace\whats-today\platform\android
[DEBUG] copying app icon: C:\Documents and Settings\amith.mk\Documents\Titanium_Studio_Workspace\whats-today\build\android\bin\assets\Resources\appicon.png
[DEBUG] generating theme.xml
[DEBUG] found drawable-long-land-hdpi splash screen at C:\Documents and Settings\amith.mk\Documents\Titanium_Studio_Workspace\whats-today\Resources\android\images\res-long-land-hdpi\default.png
[DEBUG] copying C:\Documents and Settings\amith.mk\Documents\Titanium_Studio_Workspace\whats-today\Resources\android\images\res-long-land-hdpi\default.png splash screen to C:\Documents and Settings\amith.mk\Documents\Titanium_Studio_Workspace\whats-today\build\android\res\drawable-long-land-hdpi\background.png
[DEBUG] found drawable-long-land-ldpi splash screen at C:\Documents and Settings\amith.mk\Documents\Titanium_Studio_Workspace\whats-today\Resources\android\images\res-long-land-ldpi\default.png
[DEBUG] copying C:\Documents and Settings\amith.mk\Documents\Titanium_Studio_Workspace\whats-today\Resources\android\images\res-long-land-ldpi\default.png splash screen to C:\Documents and Settings\amith.mk\Documents\Titanium_Studio_Workspace\whats-today\build\android\res\drawable-long-land-ldpi\background.png
[DEBUG] found drawable-long-port-hdpi splash screen at C:\Documents and Settings\amith.mk\Documents\Titanium_Studio_Workspace\whats-today\Resources\android\images\res-long-port-hdpi\default.png
[DEBUG] copying C:\Documents and Settings\amith.mk\Documents\Titanium_Studio_Workspace\whats-today\Resources\android\images\res-long-port-hdpi\default.png splash screen to C:\Documents and Settings\amith.mk\Documents\Titanium_Studio_Workspace\whats-today\build\android\res\drawable-long-port-hdpi\background.png
[DEBUG] found drawable-long-port-ldpi splash screen at C:\Documents and Settings\amith.mk\Documents\Titanium_Studio_Workspace\whats-today\Resources\android\images\res-long-port-ldpi\default.png
[DEBUG] copying C:\Documents and Settings\amith.mk\Documents\Titanium_Studio_Workspace\whats-today\Resources\android\images\res-long-port-ldpi\default.png splash screen to C:\Documents and Settings\amith.mk\Documents\Titanium_Studio_Workspace\whats-today\build\android\res\drawable-long-port-ldpi\background.png
[DEBUG] found drawable-notlong-land-hdpi splash screen at C:\Documents and Settings\amith.mk\Documents\Titanium_Studio_Workspace\whats-today\Resources\android\images\res-notlong-land-hdpi\default.png
[DEBUG] copying C:\Documents and Settings\amith.mk\Documents\Titanium_Studio_Workspace\whats-today\Resources\android\images\res-notlong-land-hdpi\default.png splash screen to C:\Documents and Settings\amith.mk\Documents\Titanium_Studio_Workspace\whats-today\build\android\res\drawable-notlong-land-hdpi\background.png
[DEBUG] found drawable-notlong-land-ldpi splash screen at C:\Documents and Settings\amith.mk\Documents\Titanium_Studio_Workspace\whats-today\Resources\android\images\res-notlong-land-ldpi\default.png
[DEBUG] copying C:\Documents and Settings\amith.mk\Documents\Titanium_Studio_Workspace\whats-today\Resources\android\images\res-notlong-land-ldpi\default.png splash screen to C:\Documents and Settings\amith.mk\Documents\Titanium_Studio_Workspace\whats-today\build\android\res\drawable-notlong-land-ldpi\background.png
[DEBUG] found drawable-notlong-land-mdpi splash screen at C:\Documents and Settings\amith.mk\Documents\Titanium_Studio_Workspace\whats-today\Resources\android\images\res-notlong-land-mdpi\default.png
[DEBUG] copying C:\Documents and Settings\amith.mk\Documents\Titanium_Studio_Workspace\whats-today\Resources\android\images\res-notlong-land-mdpi\default.png splash screen to C:\Documents and Settings\amith.mk\Documents\Titanium_Studio_Workspace\whats-today\build\android\res\drawable-notlong-land-mdpi\background.png
[DEBUG] found drawable-notlong-port-hdpi splash screen at C:\Documents and Settings\amith.mk\Documents\Titanium_Studio_Workspace\whats-today\Resources\android\images\res-notlong-port-hdpi\default.png
[DEBUG] copying C:\Documents and Settings\amith.mk\Documents\Titanium_Studio_Workspace\whats-today\Resources\android\images\res-notlong-port-hdpi\default.png splash screen to C:\Documents and Settings\amith.mk\Documents\Titanium_Studio_Workspace\whats-today\build\android\res\drawable-notlong-port-hdpi\background.png
[DEBUG] found drawable-notlong-port-ldpi splash screen at C:\Documents and Settings\amith.mk\Documents\Titanium_Studio_Workspace\whats-today\Resources\android\images\res-notlong-port-ldpi\default.png
[DEBUG] copying C:\Documents and Settings\amith.mk\Documents\Titanium_Studio_Workspace\whats-today\Resources\android\images\res-notlong-port-ldpi\default.png splash screen to C:\Documents and Settings\amith.mk\Documents\Titanium_Studio_Workspace\whats-today\build\android\res\drawable-notlong-port-ldpi\background.png
[DEBUG] found drawable-notlong-port-mdpi splash screen at C:\Documents and Settings\amith.mk\Documents\Titanium_Studio_Workspace\whats-today\Resources\android\images\res-notlong-port-mdpi\default.png
[DEBUG] copying C:\Documents and Settings\amith.mk\Documents\Titanium_Studio_Workspace\whats-today\Resources\android\images\res-notlong-port-mdpi\default.png splash screen to C:\Documents and Settings\amith.mk\Documents\Titanium_Studio_Workspace\whats-today\build\android\res\drawable-notlong-port-mdpi\background.png
[DEBUG] found splash screen at C:\Documents and Settings\amith.mk\Documents\Titanium_Studio_Workspace\whats-today\build\android\bin\assets\Resources\default.png
[INFO] Detected custom ApplicationManifest.xml -- no Titanium version migration supported
[DEBUG] Added 'screenSize' to <activity android:configChanges> because targeted api level 16 is >= 13
[TRACE] Writing out AndroidManifest.xml
[DEBUG] adding C:\Documents and Settings\amith.mk\Documents\Titanium_Studio_Workspace\whats-today\build\android\gen\com\mkamithkumar\whatstoday\R.java to javac build list
[DEBUG] adding C:\Documents and Settings\amith.mk\Documents\Titanium_Studio_Workspace\whats-today\build\android\gen\com\mkamithkumar\whatstoday\WhatsTodayActivity.java to javac build list
[DEBUG] adding C:\Documents and Settings\amith.mk\Documents\Titanium_Studio_Workspace\whats-today\build\android\gen\com\mkamithkumar\whatstoday\WhatsTodayAppInfo.java to javac build list
[DEBUG] adding C:\Documents and Settings\amith.mk\Documents\Titanium_Studio_Workspace\whats-today\build\android\gen\com\mkamithkumar\whatstoday\WhatsTodayApplication.java to javac build list
[DEBUG] Building Java Sources: "C:\\Documents and Settings\\amith.mk\\Documents\\Titanium_Studio_Workspace\\whats-today\\build\\android\\gen\\com\\mkamithkumar\\whatstoday\\R.java" "C:\\Documents and Settings\\amith.mk\\Documents\\Titanium_Studio_Workspace\\whats-today\\build\\android\\gen\\com\\mkamithkumar\\whatstoday\\WhatsTodayActivity.java" "C:\\Documents and Settings\\amith.mk\\Documents\\Titanium_Studio_Workspace\\whats-today\\build\\android\\gen\\com\\mkamithkumar\\whatstoday\\WhatsTodayAppInfo.java" "C:\\Documents and Settings\\amith.mk\\Documents\\Titanium_Studio_Workspace\\whats-today\\build\\android\\gen\\com\\mkamithkumar\\whatstoday\\WhatsTodayApplication.java"
[INFO] Compiling Android Resources... This could take some time
[DEBUG] Android classes.dex built
[DEBUG] creating unsigned apk: C:\Documents and Settings\amith.mk\Documents\Titanium_Studio_Workspace\whats-today\build\android\bin\app-unsigned.apk
[DEBUG] from resource zip => assets/Resources/images/actionbar_background_tile.png
[DEBUG] from resource zip => assets/Resources/images/choosecategory.png
[DEBUG] from resource zip => assets/Resources/images/datepicker.png
[DEBUG] from resource zip => assets/Resources/images/ic_action_emo_cool.png
[DEBUG] from resource zip => assets/Resources/images/ic_action_emo_cry.png
[DEBUG] from resource zip => assets/Resources/images/ic_action_emo_laugh.png
[DEBUG] from resource zip => assets/Resources/KS_nav_ui.png
[DEBUG] from resource zip => assets/Resources/KS_nav_views.png
[DEBUG] from resource zip => assets/Resources/app.js
[DEBUG] from resource zip => assets/Resources/appicon.png
[DEBUG] from resource zip => assets/Resources/default.png
[DEBUG] from resource zip => assets/app.json
[DEBUG] from resource zip => assets/index.json
[DEBUG] from resource zip => assets/tiapp.xml
[DEBUG] from resource zip => res/drawable/appicon.png
[DEBUG] from resource zip => res/drawable/background.png
[DEBUG] from resource zip => res/drawable/btn_check_buttonless_on_64.png
[DEBUG] from resource zip => res/drawable/btn_more_64.png
[DEBUG] from resource zip => res/drawable/disclosure_64.png
[DEBUG] from resource zip => res/layout/titanium_tabgroup.xml
[DEBUG] from resource zip => res/layout/titanium_ui_list_header_or_footer.xml
[DEBUG] from resource zip => res/layout/titanium_ui_list_item.xml
[DEBUG] from resource zip => AndroidManifest.xml
[DEBUG] from resource zip => resources.arsc
[DEBUG] from resource zip => res/drawable-long-land-hdpi/background.png
[DEBUG] from resource zip => res/drawable-long-land-ldpi/background.png
[DEBUG] from resource zip => res/drawable-long-port-hdpi/background.png
[DEBUG] from resource zip => res/drawable-long-port-ldpi/background.png
[DEBUG] from resource zip => res/drawable-notlong-land-hdpi/background.png
[DEBUG] from resource zip => res/drawable-notlong-land-ldpi/background.png
[DEBUG] from resource zip => res/drawable-notlong-land-mdpi/background.png
[DEBUG] from resource zip => res/drawable-notlong-port-hdpi/background.png
[DEBUG] from resource zip => res/drawable-notlong-port-ldpi/background.png
[DEBUG] from resource zip => res/drawable-notlong-port-mdpi/background.png
[DEBUG] from JAR C:\Documents and Settings\amith.mk\Application Data\Titanium\mobilesdk\win32\3.1.1.GA\android\titanium.jar => org/appcelerator/titanium/build.properties
[DEBUG] from JAR C:\Documents and Settings\amith.mk\Application Data\Titanium\mobilesdk\win32\3.1.1.GA\android\titanium.jar => org/appcelerator/titanium/res/drawable/background.png
[DEBUG] from JAR C:\Documents and Settings\amith.mk\Application Data\Titanium\mobilesdk\win32\3.1.1.GA\android\titanium.jar => org/appcelerator/titanium/res/drawable/btn_check_buttonless_on.png
[DEBUG] from JAR C:\Documents and Settings\amith.mk\Application Data\Titanium\mobilesdk\win32\3.1.1.GA\android\titanium.jar => org/appcelerator/titanium/res/drawable/btn_check_buttonless_on_18.png
[DEBUG] from JAR C:\Documents and Settings\amith.mk\Application Data\Titanium\mobilesdk\win32\3.1.1.GA\android\titanium.jar => org/appcelerator/titanium/res/drawable/btn_check_buttonless_on_48.png
[DEBUG] from JAR C:\Documents and Settings\amith.mk\Application Data\Titanium\mobilesdk\win32\3.1.1.GA\android\titanium.jar => org/appcelerator/titanium/res/drawable/btn_check_buttonless_on_64.png
[DEBUG] from JAR C:\Documents and Settings\amith.mk\Application Data\Titanium\mobilesdk\win32\3.1.1.GA\android\titanium.jar => org/appcelerator/titanium/res/drawable/btn_more.png
[DEBUG] from JAR C:\Documents and Settings\amith.mk\Application Data\Titanium\mobilesdk\win32\3.1.1.GA\android\titanium.jar => org/appcelerator/titanium/res/drawable/btn_more_18.png
[DEBUG] from JAR C:\Documents and Settings\amith.mk\Application Data\Titanium\mobilesdk\win32\3.1.1.GA\android\titanium.jar => org/appcelerator/titanium/res/drawable/btn_more_48.png
[DEBUG] from JAR C:\Documents and Settings\amith.mk\Application Data\Titanium\mobilesdk\win32\3.1.1.GA\android\titanium.jar => org/appcelerator/titanium/res/drawable/btn_more_64.png
[DEBUG] from JAR C:\Documents and Settings\amith.mk\Application Data\Titanium\mobilesdk\win32\3.1.1.GA\android\titanium.jar => org/appcelerator/titanium/res/drawable/btn_picker_normal.9.png
[DEBUG] from JAR C:\Documents and Settings\amith.mk\Application Data\Titanium\mobilesdk\win32\3.1.1.GA\android\titanium.jar => org/appcelerator/titanium/res/drawable/btn_picker_pressed.9.png
[DEBUG] from JAR C:\Documents and Settings\amith.mk\Application Data\Titanium\mobilesdk\win32\3.1.1.GA\android\titanium.jar => org/appcelerator/titanium/res/drawable/btn_picker_selected.9.png
[DEBUG] from JAR C:\Documents and Settings\amith.mk\Application Data\Titanium\mobilesdk\win32\3.1.1.GA\android\titanium.jar => org/appcelerator/titanium/res/drawable/default_icon.png
[DEBUG] from JAR C:\Documents and Settings\amith.mk\Application Data\Titanium\mobilesdk\win32\3.1.1.GA\android\titanium.jar => org/appcelerator/titanium/res/drawable/photoDefault.png
[DEBUG] from JAR C:\Documents and Settings\amith.mk\Application Data\Titanium\mobilesdk\win32\3.1.1.GA\android\thirdparty.jar => org/apache/Commons-NOTICE.txt
[DEBUG] from JAR C:\Documents and Settings\amith.mk\Application Data\Titanium\mobilesdk\win32\3.1.1.GA\android\thirdparty.jar => org/apache/HttpComponents-NOTICE.txt
[DEBUG] from JAR C:\Documents and Settings\amith.mk\Application Data\Titanium\mobilesdk\win32\3.1.1.GA\android\thirdparty.jar => org/apache/mime4j-NOTICE.txt
[DEBUG] from JAR C:\Documents and Settings\amith.mk\Application Data\Titanium\mobilesdk\win32\3.1.1.GA\android\modules\titanium-ui.jar => ti/modules/titanium/ui/widget/webview/binding.js
[DEBUG] from JAR C:\Documents and Settings\amith.mk\Application Data\Titanium\mobilesdk\win32\3.1.1.GA\android\modules\titanium-ui.jar => ti/modules/titanium/ui/widget/webview/binding.min.js
[DEBUG] from JAR C:\Documents and Settings\amith.mk\Application Data\Titanium\mobilesdk\win32\3.1.1.GA\android\modules\titanium-ui.jar => ti/modules/titanium/ui/widget/webview/json2.js
[DEBUG] from JAR C:\Documents and Settings\amith.mk\Application Data\Titanium\mobilesdk\win32\3.1.1.GA\android\modules\titanium-ui.jar => ti/modules/titanium/ui/widget/webview/polling.js
[DEBUG] from JAR C:\Documents and Settings\amith.mk\Application Data\Titanium\mobilesdk\win32\3.1.1.GA\android\modules\titanium-ui.jar => ti/modules/titanium/ui/widget/webview/polling.min.js
[DEBUG] installing native SDK libs
[DEBUG] Waiting for device to be ready ...
[TRACE] adb devices returned 1 devices/emulators
[DEBUG] Device connected... (waited 0 seconds)
[DEBUG] waited 0.015000 seconds on emulator to get ready
[INFO] Installing application on emulator
